<?xml version="1.0" encoding="UTF-8"?>
<!-- Generated by org.testng.reporters.JUnitXMLReporter -->
<testsuite ignored="3" hostname="DESKTOP-FIK5SPH" failures="0" tests="1" name="Default test" time="34.442" errors="0" timestamp="2024-06-10T16:10:33 IST">
  <testcase classname="testScripts.tafe_home" name="drive_future" time="2.862"/>
  <testcase classname="testScripts.tafe_home" name="Tc_validating_homePage_CTA" time="0.0">
    <ignored/>
  </testcase> <!-- Tc_validating_homePage_CTA -->
  <testcase classname="testScripts.tafe_home" name="TC_validating_social_links" time="0.0">
    <ignored/>
  </testcase> <!-- TC_validating_social_links -->
  <testcase classname="testScripts.tafe_home" name="witness_Tafe" time="0.0">
    <ignored/>
  </testcase> <!-- witness_Tafe -->
</testsuite> <!-- Default test -->
