<?xml version="1.0" encoding="UTF-8"?>
<!-- Generated by org.testng.reporters.JUnitXMLReporter -->
<testsuite ignored="1" hostname="DESKTOP-FIK5SPH" failures="0" tests="1" name="Default test" time="32.267" errors="0" timestamp="2024-04-25T17:28:05 IST">
  <testcase classname="testScripts.tafe_footer" name="TC_contact_form" time="18.547"/>
  <testcase classname="testScripts.tafe_footer" name="Tc_validating_footer" time="0.0">
    <ignored/>
  </testcase> <!-- Tc_validating_footer -->
</testsuite> <!-- Default test -->
